"../../../Engine/Content/EditorResources/S_Actor.ubulk" 0
"../../../Engine/Content/EditorResources/S_Actor.uasset" 1
"../../../Engine/Content/EditorResources/S_Actor.uexp" 2
"../../../Engine/Content/EditorResources/S_BoxReflectionCapture.uasset" 3
"../../../Engine/Content/EditorResources/S_BoxReflectionCapture.uexp" 4
"../../../Engine/Content/EngineResources/DefaultTexture.ubulk" 5
"../../../Engine/Content/EngineResources/DefaultTexture.uasset" 6
"../../../Engine/Content/EngineResources/DefaultTexture.uexp" 7
"../../../Engine/Content/EngineResources/DefaultTextureCube.uasset" 8
"../../../Engine/Content/EngineResources/DefaultTextureCube.uexp" 9
"../../../Engine/Content/EngineResources/DefaultVolumeTexture2D.uasset" 10
"../../../Engine/Content/EngineResources/DefaultVolumeTexture2D.uexp" 11
"../../../Engine/Content/EngineResources/DefaultVolumeTexture.uasset" 12
"../../../Engine/Content/EngineResources/DefaultVolumeTexture.uexp" 13
"../../../Engine/Content/EditorResources/S_Trigger.ubulk" 14
"../../../Engine/Content/EditorResources/S_Trigger.uasset" 15
"../../../Engine/Content/EditorResources/S_Trigger.uexp" 16
"../../../Engine/Content/EditorResources/S_TriggerBox.uasset" 17
"../../../Engine/Content/EditorResources/S_TriggerBox.uexp" 18
"../../../Engine/Content/EditorResources/S_TriggerCapsule.uasset" 19
"../../../Engine/Content/EditorResources/S_TriggerCapsule.uexp" 20
"../../../Engine/Content/EditorResources/S_TriggerSphere.uasset" 21
"../../../Engine/Content/EditorResources/S_TriggerSphere.uexp" 22
"../../../Engine/Content/EngineMeshes/Sphere.uasset" 23
"../../../Engine/Content/EngineMeshes/Sphere.uexp" 24
"../../../Engine/Content/EngineResources/GradientTexture0.uasset" 25
"../../../Engine/Content/EngineResources/GradientTexture0.uexp" 26
"../../../Engine/Content/EngineResources/Black.uasset" 27
"../../../Engine/Content/EngineResources/Black.uexp" 28
"../../../Engine/Content/VREditor/LaserPointer/VR_LaserPower_01.ubulk" 29
"../../../Engine/Content/VREditor/LaserPointer/VR_LaserPower_01.uasset" 30
"../../../Engine/Content/VREditor/LaserPointer/VR_LaserPower_01.uexp" 31
"../../../Engine/Content/VREditor/TransformGizmo/TransformGizmoMaterial.uasset" 32
"../../../Engine/Content/VREditor/TransformGizmo/TransformGizmoMaterial.uexp" 33
"../../../Engine/Content/VREditor/TransformGizmo/TranslucentTransformGizmoMaterial.uasset" 34
"../../../Engine/Content/VREditor/TransformGizmo/TranslucentTransformGizmoMaterial.uexp" 35
"../../../Engine/Content/VREditor/TransformGizmo/BoundingBoxCorner.uasset" 36
"../../../Engine/Content/VREditor/TransformGizmo/BoundingBoxCorner.uexp" 37
"../../../Engine/Content/VREditor/TransformGizmo/BoundingBoxEdge.uasset" 38
"../../../Engine/Content/VREditor/TransformGizmo/BoundingBoxEdge.uexp" 39
"../../../Engine/Content/VREditor/TransformGizmo/Main.uasset" 40
"../../../Engine/Content/VREditor/TransformGizmo/Main.uexp" 41
"../../../Engine/Content/VREditor/TransformGizmo/Xray.uasset" 42
"../../../Engine/Content/VREditor/TransformGizmo/Xray.uexp" 43
"../../../Engine/Content/VREditor/TransformGizmo/SM_Sequencer_Node.uasset" 44
"../../../Engine/Content/VREditor/TransformGizmo/SM_Sequencer_Node.uexp" 45
"../../../Engine/Content/EditorResources/S_Solver.ubulk" 46
"../../../Engine/Content/EditorResources/S_Solver.uasset" 47
"../../../Engine/Content/EditorResources/S_Solver.uexp" 48
"../../../Engine/Content/EditorMaterials/Camera/CineMat.uasset" 49
"../../../Engine/Content/EditorMaterials/Camera/CineMat.uexp" 50
"../../../Engine/Content/EditorMaterials/Camera/MI_CineMat_Rig.uasset" 51
"../../../Engine/Content/EditorMaterials/Camera/MI_CineMat_Rig.uexp" 52
"../../../Engine/Content/EditorMeshes/Camera/SM_CraneRig_Base.uasset" 53
"../../../Engine/Content/EditorMeshes/Camera/SM_CraneRig_Base.uexp" 54
"../../../Engine/Content/EditorMeshes/Camera/SM_CraneRig_Arm.uasset" 55
"../../../Engine/Content/EditorMeshes/Camera/SM_CraneRig_Arm.uexp" 56
"../../../Engine/Content/EditorMeshes/Camera/SM_CraneRig_Mount.uasset" 57
"../../../Engine/Content/EditorMeshes/Camera/SM_CraneRig_Mount.uexp" 58
"../../../Engine/Content/EditorMeshes/Camera/SM_CraneRig_Body.uasset" 59
"../../../Engine/Content/EditorMeshes/Camera/SM_CraneRig_Body.uexp" 60
"../../../Engine/Content/EditorMeshes/Camera/SM_RailRig_Track.uasset" 61
"../../../Engine/Content/EditorMeshes/Camera/SM_RailRig_Track.uexp" 62
"../../../Engine/Content/EditorMeshes/Camera/SM_RailRig_Mount.uasset" 63
"../../../Engine/Content/EditorMeshes/Camera/SM_RailRig_Mount.uexp" 64
"../../../Engine/Content/EngineMaterials/T_Default_Material_Grid_M.ubulk" 65
"../../../Engine/Content/EngineMaterials/T_Default_Material_Grid_M.uasset" 66
"../../../Engine/Content/EngineMaterials/T_Default_Material_Grid_M.uexp" 67
"../../../Engine/Content/EngineMaterials/T_Default_Material_Grid_N.ubulk" 68
"../../../Engine/Content/EngineMaterials/T_Default_Material_Grid_N.uasset" 69
"../../../Engine/Content/EngineMaterials/T_Default_Material_Grid_N.uexp" 70
"../../../Engine/Content/Functions/Engine_MaterialFunctions01/Opacity/CameraDepthFade.uasset" 71
"../../../Engine/Content/Functions/Engine_MaterialFunctions01/Opacity/CameraDepthFade.uexp" 72
"../../../Engine/Content/EngineMaterials/WorldGridMaterial.uasset" 73
"../../../Engine/Content/EngineMaterials/WorldGridMaterial.uexp" 74
"../../../Engine/Content/ArtTools/RenderToTexture/Meshes/S_1_Unit_Plane.uasset" 75
"../../../Engine/Content/ArtTools/RenderToTexture/Meshes/S_1_Unit_Plane.uexp" 76
"../../../Engine/Content/EditorMaterials/ParticleSystems/PSysThumbnail_NoImage.ubulk" 77
"../../../Engine/Content/EditorMaterials/ParticleSystems/PSysThumbnail_NoImage.uasset" 78
"../../../Engine/Content/EditorMaterials/ParticleSystems/PSysThumbnail_NoImage.uexp" 79
"../../../Engine/Content/EditorMaterials/ParticleSystems/PSysThumbnail_OOD.ubulk" 80
"../../../Engine/Content/EditorMaterials/ParticleSystems/PSysThumbnail_OOD.uasset" 81
"../../../Engine/Content/EditorMaterials/ParticleSystems/PSysThumbnail_OOD.uexp" 82
"../../../Engine/Content/EditorLandscapeResources/SplineEditorMeshMat.uasset" 83
"../../../Engine/Content/EditorLandscapeResources/SplineEditorMeshMat.uexp" 84
"../../../Engine/Content/EditorLandscapeResources/SplineEditorMesh.uasset" 85
"../../../Engine/Content/EditorLandscapeResources/SplineEditorMesh.uexp" 86
"../../../Engine/Plugins/Media/MediaPlate/Content/SM_MediaPlateScreen.uasset" 87
"../../../Engine/Plugins/Media/MediaPlate/Content/SM_MediaPlateScreen.uexp" 88
"../../../Engine/Content/EngineMaterials/DefaultBokeh.uasset" 89
"../../../Engine/Content/EngineMaterials/DefaultBokeh.uexp" 90
"../../../Engine/Content/EngineMaterials/MiniFont.uasset" 91
"../../../Engine/Content/EngineMaterials/MiniFont.uexp" 92
"../../../Engine/Content/EngineMaterials/WeightMapPlaceholderTexture.uasset" 93
"../../../Engine/Content/EngineMaterials/WeightMapPlaceholderTexture.uexp" 94
"../../../Engine/Content/EngineMaterials/WeightMapArrayPlaceholderTexture.uasset" 95
"../../../Engine/Content/EngineMaterials/WeightMapArrayPlaceholderTexture.uexp" 96
"../../../Engine/Content/EngineMaterials/DefaultWhiteGrid.ubulk" 97
"../../../Engine/Content/EngineMaterials/DefaultWhiteGrid.uasset" 98
"../../../Engine/Content/EngineMaterials/DefaultWhiteGrid.uexp" 99
"../../../Engine/Content/EngineMaterials/PreintegratedSkinBRDF.uasset" 100
"../../../Engine/Content/EngineMaterials/PreintegratedSkinBRDF.uexp" 101
"../../../Engine/Content/Functions/Engine_MaterialFunctions02/WorldPositionOffset/CameraOffset.uasset" 102
"../../../Engine/Content/Functions/Engine_MaterialFunctions02/WorldPositionOffset/CameraOffset.uexp" 103
"../../../Engine/Plugins/Animation/ControlRig/Content/M_Manip.uasset" 104
"../../../Engine/Plugins/Animation/ControlRig/Content/M_Manip.uexp" 105
"../../../Engine/Plugins/Animation/ACLPlugin/Content/ACLAnimCurveCompressionSettings.uasset" 106
"../../../Engine/Plugins/Animation/ACLPlugin/Content/ACLAnimCurveCompressionSettings.uexp" 107
"../../../Engine/Plugins/Animation/ACLPlugin/Content/ACLAnimBoneCompressionSettings.uasset" 108
"../../../Engine/Plugins/Animation/ACLPlugin/Content/ACLAnimBoneCompressionSettings.uexp" 109
"../../../Engine/Plugins/2D/Paper2D/Content/PlaceholderTextures/DummySpriteTexture.ubulk" 110
"../../../Engine/Plugins/2D/Paper2D/Content/PlaceholderTextures/DummySpriteTexture.uasset" 111
"../../../Engine/Plugins/2D/Paper2D/Content/PlaceholderTextures/DummySpriteTexture.uexp" 112
"../../../Engine/Plugins/2D/Paper2D/Content/DefaultSpriteMaterial.uasset" 113
"../../../Engine/Plugins/2D/Paper2D/Content/DefaultSpriteMaterial.uexp" 114
"../../../Engine/Plugins/2D/Paper2D/Content/OpaqueUnlitSpriteMaterial.uasset" 115
"../../../Engine/Plugins/2D/Paper2D/Content/OpaqueUnlitSpriteMaterial.uexp" 116
"../../../Engine/Plugins/2D/Paper2D/Content/MaskedUnlitSpriteMaterial.uasset" 117
"../../../Engine/Plugins/2D/Paper2D/Content/MaskedUnlitSpriteMaterial.uexp" 118
"../../../Engine/Plugins/2D/Paper2D/Content/DummySprite.uasset" 119
"../../../Engine/Plugins/2D/Paper2D/Content/DummySprite.uexp" 120
"../../../Engine/Plugins/2D/Paper2D/Content/DefaultPaperTerrainMaterial.uasset" 121
"../../../Engine/Plugins/2D/Paper2D/Content/DefaultPaperTerrainMaterial.uexp" 122
"../../../Engine/Content/EditorResources/S_Terrain.ubulk" 123
"../../../Engine/Content/EditorResources/S_Terrain.uasset" 124
"../../../Engine/Content/EditorResources/S_Terrain.uexp" 125
"../../../Engine/Content/EditorResources/EmptyActor.uasset" 126
"../../../Engine/Content/EditorResources/EmptyActor.uexp" 127
"../../../Engine/Content/EditorResources/BSPVertex.uasset" 128
"../../../Engine/Content/EditorResources/BSPVertex.uexp" 129
"../../../Engine/Content/EditorMaterials/PreviewShadowIndicator.ubulk" 130
"../../../Engine/Content/EditorMaterials/PreviewShadowIndicator.uasset" 131
"../../../Engine/Content/EditorMaterials/PreviewShadowIndicator.uexp" 132
"../../../Engine/Content/EditorMaterials/PreviewShadowIndicatorMaterial.uasset" 133
"../../../Engine/Content/EditorMaterials/PreviewShadowIndicatorMaterial.uexp" 134
"../../../Engine/Content/EditorMaterials/PhAT_UnselectedMaterial.uasset" 135
"../../../Engine/Content/EditorMaterials/PhAT_UnselectedMaterial.uexp" 136
"../../../Engine/Content/EditorMaterials/PhAT_NoCollisionMaterial.uasset" 137
"../../../Engine/Content/EditorMaterials/PhAT_NoCollisionMaterial.uexp" 138
"../../../Engine/Content/EditorLandscapeResources/DefaultAlphaTexture.uasset" 139
"../../../Engine/Content/EditorLandscapeResources/DefaultAlphaTexture.uexp" 140
"../../../Engine/Content/EditorLandscapeResources/DataLayer.uasset" 141
"../../../Engine/Content/EditorLandscapeResources/DataLayer.uexp" 142
"../../../Engine/Content/EngineMaterials/DefaultMaterial.uasset" 143
"../../../Engine/Content/EngineMaterials/DefaultMaterial.uexp" 144
"../../../Engine/Content/BasicShapes/Sphere.uasset" 145
"../../../Engine/Content/BasicShapes/Sphere.uexp" 146
"../../../Engine/Content/BasicShapes/Plane.uasset" 147
"../../../Engine/Content/BasicShapes/Plane.uexp" 148
"../../../Engine/Content/BasicShapes/Cylinder.uasset" 149
"../../../Engine/Content/BasicShapes/Cylinder.uexp" 150
"../../../Engine/Content/BasicShapes/Cone.uasset" 151
"../../../Engine/Content/BasicShapes/Cone.uexp" 152
"../../../Engine/Content/BasicShapes/BasicShapeMaterial.uasset" 153
"../../../Engine/Content/BasicShapes/BasicShapeMaterial.uexp" 154
"../../../Engine/Content/Animation/DefaultVariableFrameStrippingSettings.uasset" 155
"../../../Engine/Content/Animation/DefaultVariableFrameStrippingSettings.uexp" 156
"../../../Engine/Content/Animation/DefaultRecorderBoneCompression.uasset" 157
"../../../Engine/Content/Animation/DefaultRecorderBoneCompression.uexp" 158
"../../../Engine/Plugins/Runtime/MeshModelingToolset/Content/Materials/M_DynamicMeshComponentVtxColor.uasset" 159
"../../../Engine/Plugins/Runtime/MeshModelingToolset/Content/Materials/M_DynamicMeshComponentVtxColor.uexp" 160
"../../../Engine/Content/Functions/Engine_MaterialFunctions02/Utility/CameraDirectionVector.uasset" 161
"../../../Engine/Content/Functions/Engine_MaterialFunctions02/Utility/CameraDirectionVector.uexp" 162
"../../../Engine/Content/Functions/Engine_MaterialFunctions01/Volumetrics/BeersLaw.uasset" 163
"../../../Engine/Content/Functions/Engine_MaterialFunctions01/Volumetrics/BeersLaw.uexp" 164
"../../../Engine/Content/EngineMaterials/Good64x64TilingNoiseHighFreq.uasset" 165
"../../../Engine/Content/EngineMaterials/Good64x64TilingNoiseHighFreq.uexp" 166
"../../../Engine/Content/Functions/Engine_MaterialFunctions02/Texturing/ScreenAlignedPixelToPixelUVs.uasset" 167
"../../../Engine/Content/Functions/Engine_MaterialFunctions02/Texturing/ScreenAlignedPixelToPixelUVs.uexp" 168
"../../../Engine/Content/Functions/Engine_MaterialFunctions02/Utility/BreakOutFloat3Components.uasset" 169
"../../../Engine/Content/Functions/Engine_MaterialFunctions02/Utility/BreakOutFloat3Components.uexp" 170
"../../../Engine/Content/Functions/Engine_MaterialFunctions03/Math/RemapValueRange.uasset" 171
"../../../Engine/Content/Functions/Engine_MaterialFunctions03/Math/RemapValueRange.uexp" 172
"../../../Engine/Plugins/Editor/SpeedTreeImporter/Content/SpeedTree9/game_wind_noise.ubulk" 173
"../../../Engine/Plugins/Editor/SpeedTreeImporter/Content/SpeedTree9/game_wind_noise.uasset" 174
"../../../Engine/Plugins/Editor/SpeedTreeImporter/Content/SpeedTree9/game_wind_noise.uexp" 175
"../../../Engine/Plugins/Editor/SpeedTreeImporter/Content/SpeedTree9/UnpackDirection.uasset" 176
"../../../Engine/Plugins/Editor/SpeedTreeImporter/Content/SpeedTree9/UnpackDirection.uexp" 177
"../../../Engine/Content/Functions/Engine_MaterialFunctions02/ObjectLocalBounds.uasset" 178
"../../../Engine/Content/Functions/Engine_MaterialFunctions02/ObjectLocalBounds.uexp" 179
"../../../Engine/Content/Functions/Engine_MaterialFunctions02/UVs/BoundingBoxBased_0-1_UVW.uasset" 180
"../../../Engine/Content/Functions/Engine_MaterialFunctions02/UVs/BoundingBoxBased_0-1_UVW.uexp" 181
"../../../Engine/Content/Functions/Engine_MaterialFunctions02/Utility/VectorLength.uasset" 182
"../../../Engine/Content/Functions/Engine_MaterialFunctions02/Utility/VectorLength.uexp" 183
"../../../Engine/Plugins/Editor/SpeedTreeImporter/Content/SpeedTree9/UnpackInteger3.uasset" 184
"../../../Engine/Plugins/Editor/SpeedTreeImporter/Content/SpeedTree9/UnpackInteger3.uexp" 185
"../../../Engine/Plugins/Editor/SpeedTreeImporter/Content/SpeedTree9/SpeedTreeCameraFacing.uasset" 186
"../../../Engine/Plugins/Editor/SpeedTreeImporter/Content/SpeedTree9/SpeedTreeCameraFacing.uexp" 187
"../../../Engine/Content/Functions/Engine_MaterialFunctions02/WorldPositionOffset/ObjectScale.uasset" 188
"../../../Engine/Content/Functions/Engine_MaterialFunctions02/WorldPositionOffset/ObjectScale.uexp" 189
"../../../Engine/Content/Functions/Engine_MaterialFunctions02/SafeNormalize.uasset" 190
"../../../Engine/Content/Functions/Engine_MaterialFunctions02/SafeNormalize.uexp" 191
"../../../Engine/Plugins/Editor/SpeedTreeImporter/Content/SpeedTree9/SpeedTreeWindMotion.uasset" 192
"../../../Engine/Plugins/Editor/SpeedTreeImporter/Content/SpeedTree9/SpeedTreeWindMotion.uexp" 193
"../../../Engine/Plugins/Editor/SpeedTreeImporter/Content/SpeedTree9/SpeedTreeBranchMotion.uasset" 194
"../../../Engine/Plugins/Editor/SpeedTreeImporter/Content/SpeedTree9/SpeedTreeBranchMotion.uexp" 195
"../../../Engine/Plugins/Editor/SpeedTreeImporter/Content/SpeedTree9/SpeedTreeWind.uasset" 196
"../../../Engine/Plugins/Editor/SpeedTreeImporter/Content/SpeedTree9/SpeedTreeWind.uexp" 197
"../../../Engine/Plugins/Editor/SpeedTreeImporter/Content/SpeedTree9/EmptyNormal.uasset" 198
"../../../Engine/Plugins/Editor/SpeedTreeImporter/Content/SpeedTree9/EmptyNormal.uexp" 199
"../../../Engine/Plugins/Editor/SpeedTreeImporter/Content/SpeedTree9/Empty.uasset" 200
"../../../Engine/Plugins/Editor/SpeedTreeImporter/Content/SpeedTree9/Empty.uexp" 201
"../../../Engine/Plugins/Editor/SpeedTreeImporter/Content/SpeedTree9/SpeedTreeMaster.uasset" 202
"../../../Engine/Plugins/Editor/SpeedTreeImporter/Content/SpeedTree9/SpeedTreeMaster.uexp" 203
"../../../Engine/Plugins/Editor/SpeedTreeImporter/Content/SpeedTree9/SpeedTreeBillboard.uasset" 204
"../../../Engine/Plugins/Editor/SpeedTreeImporter/Content/SpeedTree9/SpeedTreeBillboard.uexp" 205
"../../../Engine/Plugins/Editor/SpeedTreeImporter/Content/SpeedTree9/SpeedTreeBillboardMaster.uasset" 206
"../../../Engine/Plugins/Editor/SpeedTreeImporter/Content/SpeedTree9/SpeedTreeBillboardMaster.uexp" 207
"../../../Engine/Plugins/Animation/ControlRig/Content/Controls/DefaultGizmoLibraryNormalized.uasset" 208
"../../../Engine/Plugins/Animation/ControlRig/Content/Controls/DefaultGizmoLibraryNormalized.uexp" 209
"../../../Engine/Plugins/Animation/ControlRig/Content/Controls/ControlRig_Wedge_solid.uasset" 210
"../../../Engine/Plugins/Animation/ControlRig/Content/Controls/ControlRig_Wedge_solid.uexp" 211
"../../../Engine/Plugins/Animation/ControlRig/Content/Controls/ControlRig_Wedge_3mm.uasset" 212
"../../../Engine/Plugins/Animation/ControlRig/Content/Controls/ControlRig_Wedge_3mm.uexp" 213
"../../../Engine/Plugins/Animation/ControlRig/Content/Controls/ControlRig_Wedge_1mm.uasset" 214
"../../../Engine/Plugins/Animation/ControlRig/Content/Controls/ControlRig_Wedge_1mm.uexp" 215
"../../../Engine/Plugins/Animation/ControlRig/Content/Controls/ControlRig_Triangle_solid.uasset" 216
"../../../Engine/Plugins/Animation/ControlRig/Content/Controls/ControlRig_Triangle_solid.uexp" 217
"../../../Engine/Plugins/Animation/ControlRig/Content/Controls/ControlRig_Triangle_3mm.uasset" 218
"../../../Engine/Plugins/Animation/ControlRig/Content/Controls/ControlRig_Triangle_3mm.uexp" 219
"../../../Engine/Plugins/Animation/ControlRig/Content/Controls/ControlRig_Triangle_1mm.uasset" 220
"../../../Engine/Plugins/Animation/ControlRig/Content/Controls/ControlRig_Triangle_1mm.uexp" 221
"../../../Engine/Plugins/Animation/ControlRig/Content/Controls/ControlRig_Star4_solid.uasset" 222
"../../../Engine/Plugins/Animation/ControlRig/Content/Controls/ControlRig_Star4_solid.uexp" 223
"../../../Engine/Plugins/Animation/ControlRig/Content/Controls/ControlRig_Star4_3mm.uasset" 224
"../../../Engine/Plugins/Animation/ControlRig/Content/Controls/ControlRig_Star4_3mm.uexp" 225
"../../../Engine/Plugins/Animation/ControlRig/Content/Controls/ControlRig_Star4_1mm.uasset" 226
"../../../Engine/Plugins/Animation/ControlRig/Content/Controls/ControlRig_Star4_1mm.uexp" 227
"../../../Engine/Plugins/Animation/ControlRig/Content/Controls/ControlRig_Square_solid.uasset" 228
"../../../Engine/Plugins/Animation/ControlRig/Content/Controls/ControlRig_Square_solid.uexp" 229
"../../../Engine/Plugins/Animation/ControlRig/Content/Controls/ControlRig_Square_3mm.uasset" 230
"../../../Engine/Plugins/Animation/ControlRig/Content/Controls/ControlRig_Square_3mm.uexp" 231
"../../../Engine/Plugins/Animation/ControlRig/Content/Controls/ControlRig_Square_1mm.uasset" 232
"../../../Engine/Plugins/Animation/ControlRig/Content/Controls/ControlRig_Square_1mm.uexp" 233
"../../../Engine/Plugins/Animation/ControlRig/Content/Controls/ControlRig_Sphere_solid.uasset" 234
"../../../Engine/Plugins/Animation/ControlRig/Content/Controls/ControlRig_Sphere_solid.uexp" 235
"../../../Engine/Plugins/Animation/ControlRig/Content/Controls/ControlRig_Sphere_3mm.uasset" 236
"../../../Engine/Plugins/Animation/ControlRig/Content/Controls/ControlRig_Sphere_3mm.uexp" 237
"../../../Engine/Plugins/Animation/ControlRig/Content/Controls/ControlRig_Sphere_1mm.uasset" 238
"../../../Engine/Plugins/Animation/ControlRig/Content/Controls/ControlRig_Sphere_1mm.uexp" 239
"../../../Engine/Plugins/Animation/ControlRig/Content/Controls/ControlRig_RoundedTriangle_solid.uasset" 240
"../../../Engine/Plugins/Animation/ControlRig/Content/Controls/ControlRig_RoundedTriangle_solid.uexp" 241
"../../../Engine/Plugins/Animation/ControlRig/Content/Controls/ControlRig_RoundedTriangle_3mm.uasset" 242
"../../../Engine/Plugins/Animation/ControlRig/Content/Controls/ControlRig_RoundedTriangle_3mm.uexp" 243
"../../../Engine/Plugins/Animation/ControlRig/Content/Controls/ControlRig_RoundedTriangle_1mm.uasset" 244
"../../../Engine/Plugins/Animation/ControlRig/Content/Controls/ControlRig_RoundedTriangle_1mm.uexp" 245
"../../../Engine/Plugins/Animation/ControlRig/Content/Controls/ControlRig_RoundedSquare_solid.uasset" 246
"../../../Engine/Plugins/Animation/ControlRig/Content/Controls/ControlRig_RoundedSquare_solid.uexp" 247
"../../../Engine/Plugins/Animation/ControlRig/Content/Controls/ControlRig_RoundedSquare_3mm.uasset" 248
"../../../Engine/Plugins/Animation/ControlRig/Content/Controls/ControlRig_RoundedSquare_3mm.uexp" 249
"../../../Engine/Plugins/Animation/ControlRig/Content/Controls/ControlRig_RoundedSquare_1mm.uasset" 250
"../../../Engine/Plugins/Animation/ControlRig/Content/Controls/ControlRig_RoundedSquare_1mm.uexp" 251
"../../../Engine/Plugins/Animation/ControlRig/Content/Controls/ControlRig_QuarterCircle_solid.uasset" 252
"../../../Engine/Plugins/Animation/ControlRig/Content/Controls/ControlRig_QuarterCircle_solid.uexp" 253
"../../../Engine/Plugins/Animation/ControlRig/Content/Controls/ControlRig_QuarterCircle_3mm.uasset" 254
"../../../Engine/Plugins/Animation/ControlRig/Content/Controls/ControlRig_QuarterCircle_3mm.uexp" 255
"../../../Engine/Plugins/Animation/ControlRig/Content/Controls/ControlRig_QuarterCircle_1mm.uasset" 256
"../../../Engine/Plugins/Animation/ControlRig/Content/Controls/ControlRig_QuarterCircle_1mm.uexp" 257
"../../../Engine/Plugins/Animation/ControlRig/Content/Controls/ControlRig_Pyramid_solid.uasset" 258
"../../../Engine/Plugins/Animation/ControlRig/Content/Controls/ControlRig_Pyramid_solid.uexp" 259
"../../../Engine/Plugins/Animation/ControlRig/Content/Controls/ControlRig_Pyramid_3mm.uasset" 260
"../../../Engine/Plugins/Animation/ControlRig/Content/Controls/ControlRig_Pyramid_3mm.uexp" 261
"../../../Engine/Plugins/Animation/ControlRig/Content/Controls/ControlRig_Pyramid_1mm.uasset" 262
"../../../Engine/Plugins/Animation/ControlRig/Content/Controls/ControlRig_Pyramid_1mm.uexp" 263
"../../../Engine/Plugins/Animation/ControlRig/Content/Controls/ControlRig_Octagon_solid.uasset" 264
"../../../Engine/Plugins/Animation/ControlRig/Content/Controls/ControlRig_Octagon_solid.uexp" 265
"../../../Engine/Plugins/Animation/ControlRig/Content/Controls/ControlRig_Octagon_3mm.uasset" 266
"../../../Engine/Plugins/Animation/ControlRig/Content/Controls/ControlRig_Octagon_3mm.uexp" 267
"../../../Engine/Plugins/Animation/ControlRig/Content/Controls/ControlRig_Octagon_1mm.uasset" 268
"../../../Engine/Plugins/Animation/ControlRig/Content/Controls/ControlRig_Octagon_1mm.uexp" 269
"../../../Engine/Plugins/Animation/ControlRig/Content/Controls/ControlRig_Hexagon_solid.uasset" 270
"../../../Engine/Plugins/Animation/ControlRig/Content/Controls/ControlRig_Hexagon_solid.uexp" 271
"../../../Engine/Plugins/Animation/ControlRig/Content/Controls/ControlRig_Hexagon_3mm.uasset" 272
"../../../Engine/Plugins/Animation/ControlRig/Content/Controls/ControlRig_Hexagon_3mm.uexp" 273
"../../../Engine/Plugins/Animation/ControlRig/Content/Controls/ControlRig_Hexagon_1mm.uasset" 274
"../../../Engine/Plugins/Animation/ControlRig/Content/Controls/ControlRig_Hexagon_1mm.uexp" 275
"../../../Engine/Plugins/Animation/ControlRig/Content/Controls/ControlRig_HalfCircle_solid.uasset" 276
"../../../Engine/Plugins/Animation/ControlRig/Content/Controls/ControlRig_HalfCircle_solid.uexp" 277
"../../../Engine/Plugins/Animation/ControlRig/Content/Controls/ControlRig_HalfCircle_3mm.uasset" 278
"../../../Engine/Plugins/Animation/ControlRig/Content/Controls/ControlRig_HalfCircle_3mm.uexp" 279
"../../../Engine/Plugins/Animation/ControlRig/Content/Controls/ControlRig_HalfCircle_1mm.uasset" 280
"../../../Engine/Plugins/Animation/ControlRig/Content/Controls/ControlRig_HalfCircle_1mm.uexp" 281
"../../../Engine/Plugins/Animation/ControlRig/Content/Controls/ControlRig_Diamond_solid.uasset" 282
"../../../Engine/Plugins/Animation/ControlRig/Content/Controls/ControlRig_Diamond_solid.uexp" 283
"../../../Engine/Plugins/Animation/ControlRig/Content/Controls/ControlRig_Diamond_3mm.uasset" 284
"../../../Engine/Plugins/Animation/ControlRig/Content/Controls/ControlRig_Diamond_3mm.uexp" 285
"../../../Engine/Plugins/Animation/ControlRig/Content/Controls/ControlRig_Diamond_1mm.uasset" 286
"../../../Engine/Plugins/Animation/ControlRig/Content/Controls/ControlRig_Diamond_1mm.uexp" 287
"../../../Engine/Plugins/Animation/ControlRig/Content/Controls/ControlRig_Circle_solid.uasset" 288
"../../../Engine/Plugins/Animation/ControlRig/Content/Controls/ControlRig_Circle_solid.uexp" 289
"../../../Engine/Plugins/Animation/ControlRig/Content/Controls/ControlRig_Circle_3mm.uasset" 290
"../../../Engine/Plugins/Animation/ControlRig/Content/Controls/ControlRig_Circle_3mm.uexp" 291
"../../../Engine/Plugins/Animation/ControlRig/Content/Controls/ControlRig_Circle_1mm.uasset" 292
"../../../Engine/Plugins/Animation/ControlRig/Content/Controls/ControlRig_Circle_1mm.uexp" 293
"../../../Engine/Plugins/Animation/ControlRig/Content/Controls/ControlRig_Box_solid.uasset" 294
"../../../Engine/Plugins/Animation/ControlRig/Content/Controls/ControlRig_Box_solid.uexp" 295
"../../../Engine/Plugins/Animation/ControlRig/Content/Controls/ControlRig_Box_3mm.uasset" 296
"../../../Engine/Plugins/Animation/ControlRig/Content/Controls/ControlRig_Box_3mm.uexp" 297
"../../../Engine/Plugins/Animation/ControlRig/Content/Controls/ControlRig_Box_1mm.uasset" 298
"../../../Engine/Plugins/Animation/ControlRig/Content/Controls/ControlRig_Box_1mm.uexp" 299
"../../../Engine/Plugins/Animation/ControlRig/Content/Controls/ControlRig_Arrow_solid.uasset" 300
"../../../Engine/Plugins/Animation/ControlRig/Content/Controls/ControlRig_Arrow_solid.uexp" 301
"../../../Engine/Plugins/Animation/ControlRig/Content/Controls/ControlRig_Arrow_3mm.uasset" 302
"../../../Engine/Plugins/Animation/ControlRig/Content/Controls/ControlRig_Arrow_3mm.uexp" 303
"../../../Engine/Plugins/Animation/ControlRig/Content/Controls/ControlRig_Arrow_1mm.uasset" 304
"../../../Engine/Plugins/Animation/ControlRig/Content/Controls/ControlRig_Arrow_1mm.uexp" 305
"../../../Engine/Plugins/Animation/ControlRig/Content/Controls/ControlRig_Arrow4_solid.uasset" 306
"../../../Engine/Plugins/Animation/ControlRig/Content/Controls/ControlRig_Arrow4_solid.uexp" 307
"../../../Engine/Plugins/Animation/ControlRig/Content/Controls/ControlRig_Arrow4_3mm.uasset" 308
"../../../Engine/Plugins/Animation/ControlRig/Content/Controls/ControlRig_Arrow4_3mm.uexp" 309
"../../../Engine/Plugins/Animation/ControlRig/Content/Controls/ControlRig_Arrow4_1mm.uasset" 310
"../../../Engine/Plugins/Animation/ControlRig/Content/Controls/ControlRig_Arrow4_1mm.uexp" 311
"../../../Engine/Plugins/Animation/ControlRig/Content/Controls/ControlRig_Arrow2_solid.uasset" 312
"../../../Engine/Plugins/Animation/ControlRig/Content/Controls/ControlRig_Arrow2_solid.uexp" 313
"../../../Engine/Plugins/Animation/ControlRig/Content/Controls/ControlRig_Arrow2_3mm.uasset" 314
"../../../Engine/Plugins/Animation/ControlRig/Content/Controls/ControlRig_Arrow2_3mm.uexp" 315
"../../../Engine/Plugins/Animation/ControlRig/Content/Controls/ControlRig_Arrow2_1mm.uasset" 316
"../../../Engine/Plugins/Animation/ControlRig/Content/Controls/ControlRig_Arrow2_1mm.uexp" 317
"../../../Engine/Plugins/Animation/ControlRig/Content/Controls/ControlRigXRayMaterial.uasset" 318
"../../../Engine/Plugins/Animation/ControlRig/Content/Controls/ControlRigXRayMaterial.uexp" 319
"../../../Engine/Plugins/Animation/ControlRig/Content/Controls/ControlRigGizmoMaterial.uasset" 320
"../../../Engine/Plugins/Animation/ControlRig/Content/Controls/ControlRigGizmoMaterial.uexp" 321
"../../../Engine/Content/VREditor/TransformGizmo/StartRotationHandleIndicator.uasset" 322
"../../../Engine/Content/VREditor/TransformGizmo/StartRotationHandleIndicator.uexp" 323
"../../../Engine/Content/VREditor/Sounds/UI/Drop_Item_From_ContentBrowser.ubulk" 324
"../../../Engine/Content/VREditor/Sounds/UI/Drop_Item_From_ContentBrowser.uasset" 325
"../../../Engine/Content/VREditor/Sounds/UI/Drop_Item_From_ContentBrowser.uexp" 326
"../../../Engine/Content/VREditor/TransformGizmo/PlaneTranslationHandle.uasset" 327
"../../../Engine/Content/VREditor/TransformGizmo/PlaneTranslationHandle.uexp" 328
"../../../Engine/Content/VREditor/Sounds/UI/Object_Snaps_To_Grid.ubulk" 329
"../../../Engine/Content/VREditor/Sounds/UI/Object_Snaps_To_Grid.uasset" 330
"../../../Engine/Content/VREditor/Sounds/UI/Object_Snaps_To_Grid.uexp" 331
"../../../Engine/Content/VREditor/Sounds/UI/Selection_Changes.ubulk" 332
"../../../Engine/Content/VREditor/Sounds/UI/Selection_Changes.uasset" 333
"../../../Engine/Content/VREditor/Sounds/UI/Selection_Changes.uexp" 334
"../../../Engine/Content/VREditor/Sounds/UI/Object_Snaps_To_Another_Actor.ubulk" 335
"../../../Engine/Content/VREditor/Sounds/UI/Object_Snaps_To_Another_Actor.uasset" 336
"../../../Engine/Content/VREditor/Sounds/UI/Object_Snaps_To_Another_Actor.uexp" 337
"../../../Engine/Content/VREditor/TransformGizmo/TranslucentTransformGizmoMaterial_Inst.uasset" 338
"../../../Engine/Content/VREditor/TransformGizmo/TranslucentTransformGizmoMaterial_Inst.uexp" 339
"../../../Engine/Content/VREditor/TransformGizmo/TransformGizmoFreeRotation.uasset" 340
"../../../Engine/Content/VREditor/TransformGizmo/TransformGizmoFreeRotation.uexp" 341
"../../../Engine/Content/VREditor/Sounds/UI/Scaling_Down.ubulk" 342
"../../../Engine/Content/VREditor/Sounds/UI/Scaling_Down.uasset" 343
"../../../Engine/Content/VREditor/Sounds/UI/Scaling_Down.uexp" 344
"../../../Engine/Content/Functions/Engine_MaterialFunctions02/Math/Transform3x3Matrix.uasset" 345
"../../../Engine/Content/Functions/Engine_MaterialFunctions02/Math/Transform3x3Matrix.uexp" 346
"../../../Engine/Content/Functions/Engine_MaterialFunctions02/SplitComponents.uasset" 347
"../../../Engine/Content/Functions/Engine_MaterialFunctions02/SplitComponents.uexp" 348
"../../../Engine/Content/Functions/Engine_MaterialFunctions02/Utility/MakeFloat3.uasset" 349
"../../../Engine/Content/Functions/Engine_MaterialFunctions02/Utility/MakeFloat3.uexp" 350
"../../../Engine/Content/VREditor/SnapGrid/SnapGridMaterial.uasset" 351
"../../../Engine/Content/VREditor/SnapGrid/SnapGridMaterial.uexp" 352
"../../../Engine/Content/VREditor/SnapGrid/SnapGridPlaneMesh.uasset" 353
"../../../Engine/Content/VREditor/SnapGrid/SnapGridPlaneMesh.uexp" 354
"../../../Engine/Content/VREditor/Sounds/UI/Scaling_Up.ubulk" 355
"../../../Engine/Content/VREditor/Sounds/UI/Scaling_Up.uasset" 356
"../../../Engine/Content/VREditor/Sounds/UI/Scaling_Up.uexp" 357
"../../../Engine/Content/VREditor/TransformGizmo/TransformGizmoMaterial_Inst.uasset" 358
"../../../Engine/Content/VREditor/TransformGizmo/TransformGizmoMaterial_Inst.uexp" 359
"../../../Engine/Content/VREditor/Sounds/UI/Gizmo_Handle_Clicked.ubulk" 360
"../../../Engine/Content/VREditor/Sounds/UI/Gizmo_Handle_Clicked.uasset" 361
"../../../Engine/Content/VREditor/Sounds/UI/Gizmo_Handle_Clicked.uexp" 362
"../../../Engine/Content/VREditor/TransformGizmo/RotationHandleQuarter.uasset" 363
"../../../Engine/Content/VREditor/TransformGizmo/RotationHandleQuarter.uexp" 364
"../../../Engine/Content/VREditor/TransformGizmo/TranslateArrowHandle.uasset" 365
"../../../Engine/Content/VREditor/TransformGizmo/TranslateArrowHandle.uexp" 366
"../../../Engine/Content/VREditor/TransformGizmo/RotationHandleIndicator.uasset" 367
"../../../Engine/Content/VREditor/TransformGizmo/RotationHandleIndicator.uexp" 368
"../../../Engine/Content/VREditor/TransformGizmo/UniformScaleHandle.uasset" 369
"../../../Engine/Content/VREditor/TransformGizmo/UniformScaleHandle.uexp" 370
"../../../Engine/Content/VREditor/TransformGizmo/RotationHandleFull.uasset" 371
"../../../Engine/Content/VREditor/TransformGizmo/RotationHandleFull.uexp" 372
"../../../Engine/Content/VREditor/Sounds/UI/Object_PickUp.ubulk" 373
"../../../Engine/Content/VREditor/Sounds/UI/Object_PickUp.uasset" 374
"../../../Engine/Content/VREditor/Sounds/UI/Object_PickUp.uexp" 375
"../../../Engine/Content/EngineSounds/Master.uasset" 376
"../../../Engine/Content/EngineSounds/Master.uexp" 377
"../../../Engine/Content/EngineResources/WhiteSquareTexture.uasset" 378
"../../../Engine/Content/EngineResources/WhiteSquareTexture.uexp" 379
"../../../Engine/Content/EngineMaterials/Widget3DPassThrough.uasset" 380
"../../../Engine/Content/EngineMaterials/Widget3DPassThrough.uexp" 381
"../../../Engine/Content/EngineMaterials/Widget3DPassThrough_Translucent.uasset" 382
"../../../Engine/Content/EngineMaterials/Widget3DPassThrough_Translucent.uexp" 383
"../../../Engine/Content/EngineMaterials/Widget3DPassThrough_Translucent_OneSided.uasset" 384
"../../../Engine/Content/EngineMaterials/Widget3DPassThrough_Translucent_OneSided.uexp" 385
"../../../Engine/Content/EngineMaterials/Widget3DPassThrough_Opaque.uasset" 386
"../../../Engine/Content/EngineMaterials/Widget3DPassThrough_Opaque.uexp" 387
"../../../Engine/Content/EngineMaterials/Widget3DPassThrough_Opaque_OneSided.uasset" 388
"../../../Engine/Content/EngineMaterials/Widget3DPassThrough_Opaque_OneSided.uexp" 389
"../../../Engine/Content/EngineMaterials/Widget3DPassThrough_Masked_OneSided.uasset" 390
"../../../Engine/Content/EngineMaterials/Widget3DPassThrough_Masked_OneSided.uexp" 391
"../../../Engine/Content/EngineMaterials/Widget3DPassThrough_Masked.uasset" 392
"../../../Engine/Content/EngineMaterials/Widget3DPassThrough_Masked.uexp" 393
"../../../Engine/Content/EngineMaterials/STBlueNoise_vec2_128x128x64.uasset" 394
"../../../Engine/Content/EngineMaterials/STBlueNoise_vec2_128x128x64.uexp" 395
"../../../Engine/Content/EngineMaterials/STBlueNoise_scalar_128x128x64.uasset" 396
"../../../Engine/Content/EngineMaterials/STBlueNoise_scalar_128x128x64.uexp" 397
"../../../Engine/Content/EngineMaterials/RemoveSurfaceMaterial.uasset" 398
"../../../Engine/Content/EngineMaterials/RemoveSurfaceMaterial.uexp" 399
"../../../Engine/Content/EngineMaterials/DefaultCalibrationGrayscale.uasset" 400
"../../../Engine/Content/EngineMaterials/DefaultCalibrationGrayscale.uexp" 401
"../../../Engine/Content/EngineMaterials/PPM_DefaultCalibrationGrayscale.uasset" 402
"../../../Engine/Content/EngineMaterials/PPM_DefaultCalibrationGrayscale.uexp" 403
"../../../Engine/Content/EngineMaterials/DefaultCalibrationColor.uasset" 404
"../../../Engine/Content/EngineMaterials/DefaultCalibrationColor.uexp" 405
"../../../Engine/Content/EngineMaterials/PPM_DefaultCalibrationColor.uasset" 406
"../../../Engine/Content/EngineMaterials/PPM_DefaultCalibrationColor.uexp" 407
"../../../Engine/Content/EngineMaterials/PhAT_JointLimitMaterial.uasset" 408
"../../../Engine/Content/EngineMaterials/PhAT_JointLimitMaterial.uexp" 409
"../../../Engine/Content/EngineMaterials/NaniteHiddenSectionMaterial.uasset" 410
"../../../Engine/Content/EngineMaterials/NaniteHiddenSectionMaterial.uexp" 411
"../../../Engine/Content/EngineMaterials/InvalidLightmapSettings.ubulk" 412
"../../../Engine/Content/EngineMaterials/InvalidLightmapSettings.uasset" 413
"../../../Engine/Content/EngineMaterials/InvalidLightmapSettings.uexp" 414
"../../../Engine/Content/EngineMaterials/M_InvalidLightmapSettings.uasset" 415
"../../../Engine/Content/EngineMaterials/M_InvalidLightmapSettings.uexp" 416
"../../../Engine/Content/EngineMaterials/GizmoMaterial.uasset" 417
"../../../Engine/Content/EngineMaterials/GizmoMaterial.uexp" 418
"../../../Engine/Content/EngineMaterials/BaseFlattenEmissiveMap_VT.uasset" 419
"../../../Engine/Content/EngineMaterials/BaseFlattenEmissiveMap_VT.uexp" 420
"../../../Engine/Content/EngineMaterials/BaseFlattenGrayscaleMap_VT.uasset" 421
"../../../Engine/Content/EngineMaterials/BaseFlattenGrayscaleMap_VT.uexp" 422
"../../../Engine/Content/EngineMaterials/BaseFlattenLinearColor_VT.uasset" 423
"../../../Engine/Content/EngineMaterials/BaseFlattenLinearColor_VT.uexp" 424
"../../../Engine/Content/EngineMaterials/Black_1x1_EXR_Texture_VT.uasset" 425
"../../../Engine/Content/EngineMaterials/Black_1x1_EXR_Texture_VT.uexp" 426
"../../../Engine/Content/EngineMaterials/BaseFlattenDiffuseMap_VT.uasset" 427
"../../../Engine/Content/EngineMaterials/BaseFlattenDiffuseMap_VT.uexp" 428
"../../../Engine/Content/EngineMaterials/BaseFlattenNormalMap_VT.uasset" 429
"../../../Engine/Content/EngineMaterials/BaseFlattenNormalMap_VT.uexp" 430
"../../../Engine/Content/EngineMaterials/FlattenMaterial_WS_Normal_VT.uasset" 431
"../../../Engine/Content/EngineMaterials/FlattenMaterial_WS_Normal_VT.uexp" 432
"../../../Engine/Content/EngineMaterials/FlattenMaterial_VT.uasset" 433
"../../../Engine/Content/EngineMaterials/FlattenMaterial_VT.uexp" 434
"../../../Engine/Content/EngineMaterials/BaseFlattenNormalMap.uasset" 435
"../../../Engine/Content/EngineMaterials/BaseFlattenNormalMap.uexp" 436
"../../../Engine/Content/EngineMaterials/BaseFlattenGrayscaleMap.uasset" 437
"../../../Engine/Content/EngineMaterials/BaseFlattenGrayscaleMap.uexp" 438
"../../../Engine/Content/EngineMaterials/BaseFlattenDiffuseMap.uasset" 439
"../../../Engine/Content/EngineMaterials/BaseFlattenDiffuseMap.uexp" 440
"../../../Engine/Content/Functions/Engine_MaterialFunctions02/PivotPainter2/Black_1x1_EXR_Texture.uasset" 441
"../../../Engine/Content/Functions/Engine_MaterialFunctions02/PivotPainter2/Black_1x1_EXR_Texture.uexp" 442
"../../../Engine/Content/EngineMaterials/BaseFlattenEmissiveMap.uasset" 443
"../../../Engine/Content/EngineMaterials/BaseFlattenEmissiveMap.uexp" 444
"../../../Engine/Content/EngineMaterials/BaseFlattenLinearColor.uasset" 445
"../../../Engine/Content/EngineMaterials/BaseFlattenLinearColor.uexp" 446
"../../../Engine/Content/EngineMaterials/FlattenMaterial.uasset" 447
"../../../Engine/Content/EngineMaterials/FlattenMaterial.uexp" 448
"../../../Engine/Content/EngineMaterials/DefaultWhiteGrid_Low.uasset" 449
"../../../Engine/Content/EngineMaterials/DefaultWhiteGrid_Low.uexp" 450
"../../../Engine/Content/EngineMaterials/EmissiveMeshMaterial.uasset" 451
"../../../Engine/Content/EngineMaterials/EmissiveMeshMaterial.uexp" 452
"../../../Engine/Content/EngineFonts/RobotoDistanceField.uasset" 453
"../../../Engine/Content/EngineFonts/RobotoDistanceField.uexp" 454
"../../../Engine/Content/EngineMaterials/DefaultTextMaterialOpaque.uasset" 455
"../../../Engine/Content/EngineMaterials/DefaultTextMaterialOpaque.uexp" 456
"../../../Engine/Content/EngineMaterials/DefaultDiffuse.ubulk" 457
"../../../Engine/Content/EngineMaterials/DefaultDiffuse.uasset" 458
"../../../Engine/Content/EngineMaterials/DefaultDiffuse.uexp" 459
"../../../Engine/Content/Functions/Engine_MaterialFunctions02/Utility/BreakOutFloat2Components.uasset" 460
"../../../Engine/Content/Functions/Engine_MaterialFunctions02/Utility/BreakOutFloat2Components.uexp" 461
"../../../Engine/Content/EngineMaterials/DefaultPostProcessMaterial.uasset" 462
"../../../Engine/Content/EngineMaterials/DefaultPostProcessMaterial.uexp" 463
"../../../Engine/Content/EngineMaterials/DefaultPhysicalMaterial.uasset" 464
"../../../Engine/Content/EngineMaterials/DefaultPhysicalMaterial.uexp" 465
"../../../Engine/Content/EngineMaterials/DefaultLightFunctionMaterial.uasset" 466
"../../../Engine/Content/EngineMaterials/DefaultLightFunctionMaterial.uexp" 467
"../../../Engine/Content/EngineMaterials/DefaultDestructiblePhysicalMaterial.uasset" 468
"../../../Engine/Content/EngineMaterials/DefaultDestructiblePhysicalMaterial.uexp" 469
"../../../Engine/Content/EngineMaterials/DefaultDeferredDecalMaterial.uasset" 470
"../../../Engine/Content/EngineMaterials/DefaultDeferredDecalMaterial.uexp" 471
"../../../Engine/Content/EngineMaterials/DefaultBloomKernel.uasset" 472
"../../../Engine/Content/EngineMaterials/DefaultBloomKernel.uexp" 473
"../../../Engine/Content/EngineFonts/Faces/RobotoLight.uexp" 474
"../../../Engine/Content/EngineFonts/Faces/RobotoLight.uasset" 475
"../../../Engine/Content/EngineFonts/Faces/RobotoLight.ufont" 476
"../../../Engine/Content/EngineFonts/Faces/RobotoBold.uexp" 477
"../../../Engine/Content/EngineFonts/Faces/RobotoBold.uasset" 478
"../../../Engine/Content/EngineFonts/Faces/RobotoBold.ufont" 479
"../../../Engine/Content/EngineFonts/Faces/RobotoRegular.uexp" 480
"../../../Engine/Content/EngineFonts/Faces/RobotoRegular.uasset" 481
"../../../Engine/Content/EngineFonts/Faces/RobotoRegular.ufont" 482
"../../../Engine/Content/EngineFonts/Faces/DroidSansFallback.uexp" 483
"../../../Engine/Content/EngineFonts/Faces/DroidSansFallback.uasset" 484
"../../../Engine/Content/EngineFonts/Faces/DroidSansFallback.ufont" 485
"../../../Engine/Content/EngineFonts/Faces/RobotoItalic.uexp" 486
"../../../Engine/Content/EngineFonts/Faces/RobotoItalic.uasset" 487
"../../../Engine/Content/EngineFonts/Faces/RobotoItalic.ufont" 488
"../../../Engine/Content/EngineFonts/Faces/RobotoBoldItalic.uexp" 489
"../../../Engine/Content/EngineFonts/Faces/RobotoBoldItalic.uasset" 490
"../../../Engine/Content/EngineFonts/Faces/RobotoBoldItalic.ufont" 491
"../../../Engine/Content/EngineFonts/Roboto.uasset" 492
"../../../Engine/Content/EngineFonts/Roboto.uexp" 493
"../../../Engine/Content/EngineDebugMaterials/VolumeToRender.uasset" 494
"../../../Engine/Content/EngineDebugMaterials/VolumeToRender.uexp" 495
"../../../Engine/Content/EngineDebugMaterials/M_VolumeRenderSphereTracePP.uasset" 496
"../../../Engine/Content/EngineDebugMaterials/M_VolumeRenderSphereTracePP.uexp" 497
"../../../Engine/Content/EngineDebugMaterials/M_SimpleUnlitTranslucent.uasset" 498
"../../../Engine/Content/EngineDebugMaterials/M_SimpleUnlitTranslucent.uexp" 499
"../../../Engine/Content/EngineDebugMaterials/DebugMeshMaterial.uasset" 500
"../../../Engine/Content/EngineDebugMaterials/DebugMeshMaterial.uexp" 501
"../../../Engine/Content/EngineDebugMaterials/DebugEditorMaterial.uasset" 502
"../../../Engine/Content/EngineDebugMaterials/DebugEditorMaterial.uexp" 503
"../../../Engine/Content/EngineDamageTypes/DmgTypeBP_Environmental.uasset" 504
"../../../Engine/Content/EngineDamageTypes/DmgTypeBP_Environmental.uexp" 505
"../../../Engine/Content/MobileResources/HUD/UP.uasset" 506
"../../../Engine/Content/MobileResources/HUD/UP.uexp" 507
"../../../Engine/Content/MobileResources/HUD/MobileHUDButtonFire.uasset" 508
"../../../Engine/Content/MobileResources/HUD/MobileHUDButtonFire.uexp" 509
"../../../Engine/Content/MobileResources/HUD/Down.uasset" 510
"../../../Engine/Content/MobileResources/HUD/Down.uexp" 511
"../../../Engine/Content/MobileResources/HUD/Left.uasset" 512
"../../../Engine/Content/MobileResources/HUD/Left.uexp" 513
"../../../Engine/Content/MobileResources/HUD/Right.uasset" 514
"../../../Engine/Content/MobileResources/HUD/Right.uexp" 515
"E:/Unreal/ToonTanks/ToonTanks/Content/Blueprints/Input/LeftVirtualJoystick_Tank.uasset" 516
"E:/Unreal/ToonTanks/ToonTanks/Content/Blueprints/Input/LeftVirtualJoystick_Tank.uexp" 517
"../../../Engine/Content/Functions/Engine_MaterialFunctions02/Math/AddComponents.uasset" 518
"../../../Engine/Content/Functions/Engine_MaterialFunctions02/Math/AddComponents.uexp" 519
"../../../Engine/Content/Functions/Engine_MaterialFunctions01/Texturing/FlattenNormal.uasset" 520
"../../../Engine/Content/Functions/Engine_MaterialFunctions01/Texturing/FlattenNormal.uexp" 521
"../../../Engine/Content/EngineSky/VolumetricClouds/CloudWeatherTexture.uasset" 522
"../../../Engine/Content/EngineSky/VolumetricClouds/CloudWeatherTexture.uexp" 523
"../../../Engine/Content/Functions/Engine_MaterialFunctions02/Utility/MakeFloat2.uasset" 524
"../../../Engine/Content/Functions/Engine_MaterialFunctions02/Utility/MakeFloat2.uexp" 525
"../../../Engine/Content/EngineSky/VolumetricClouds/CloudGradientTexture.uasset" 526
"../../../Engine/Content/EngineSky/VolumetricClouds/CloudGradientTexture.uexp" 527
"../../../Engine/Content/EngineSky/VolumetricClouds/T_NoiseShape64.ubulk" 528
"../../../Engine/Content/EngineSky/VolumetricClouds/T_NoiseShape64.uasset" 529
"../../../Engine/Content/EngineSky/VolumetricClouds/T_NoiseShape64.uexp" 530
"../../../Engine/Content/EngineSky/VolumetricClouds/T_VolumeNoiseShape64.uasset" 531
"../../../Engine/Content/EngineSky/VolumetricClouds/T_VolumeNoiseShape64.uexp" 532
"../../../Engine/Content/EngineSky/VolumetricClouds/T_NoiseErosion.ubulk" 533
"../../../Engine/Content/EngineSky/VolumetricClouds/T_NoiseErosion.uasset" 534
"../../../Engine/Content/EngineSky/VolumetricClouds/T_NoiseErosion.uexp" 535
"../../../Engine/Content/EngineSky/VolumetricClouds/T_VolumeNoiseErosion32.uasset" 536
"../../../Engine/Content/EngineSky/VolumetricClouds/T_VolumeNoiseErosion32.uexp" 537
"../../../Engine/Content/EngineSky/VolumetricClouds/m_SimpleVolumetricCloud.uasset" 538
"../../../Engine/Content/EngineSky/VolumetricClouds/m_SimpleVolumetricCloud.uexp" 539
"../../../Engine/Content/EngineSky/VolumetricClouds/m_SimpleVolumetricCloud_Inst.uasset" 540
"../../../Engine/Content/EngineSky/VolumetricClouds/m_SimpleVolumetricCloud_Inst.uexp" 541
"../../../Engine/Content/EngineResources/FilmGrains/Marcie_Grain_v3_128_M2_000.uasset" 542
"../../../Engine/Content/EngineResources/FilmGrains/Marcie_Grain_v3_128_M2_000.uexp" 543
"../../../Engine/Content/EditorResources/SequenceRecorder/RecordingIndicator.uasset" 544
"../../../Engine/Content/EditorResources/SequenceRecorder/RecordingIndicator.uexp" 545
"../../../Engine/Content/EditorResources/SequenceRecorder/Countdown.uasset" 546
"../../../Engine/Content/EditorResources/SequenceRecorder/Countdown.uexp" 547
"../../../Engine/Content/EditorMaterials/Dataflow/DataflowVertexMaterial.uasset" 548
"../../../Engine/Content/EditorMaterials/Dataflow/DataflowVertexMaterial.uexp" 549
"../../../Engine/Content/Functions/Engine_MaterialFunctions01/Shading/PowerToRoughness.uasset" 550
"../../../Engine/Content/Functions/Engine_MaterialFunctions01/Shading/PowerToRoughness.uexp" 551
"../../../Engine/Content/Functions/Engine_MaterialFunctions01/Shading/ConvertFromDiffSpec.uasset" 552
"../../../Engine/Content/Functions/Engine_MaterialFunctions01/Shading/ConvertFromDiffSpec.uexp" 553
"../../../Engine/Content/EngineMaterials/Substrate/Volume/SubstrateSimpleVolumeLUT3D.uasset" 554
"../../../Engine/Content/EngineMaterials/Substrate/Volume/SubstrateSimpleVolumeLUT3D.uexp" 555
"../../../Engine/Content/EngineMaterials/Substrate/Volume/SubstrateSimpleVolumeEnvLUT3D.uasset" 556
"../../../Engine/Content/EngineMaterials/Substrate/Volume/SubstrateSimpleVolumeEnvLUT3D.uexp" 557
"../../../Engine/Content/EngineMaterials/Substrate/GLints2/AGlintTex2dArray2.uasset" 558
"../../../Engine/Content/EngineMaterials/Substrate/GLints2/AGlintTex2dArray2.uexp" 559
"../../../Engine/Content/EngineMaterials/Substrate/GLints/AGlintTex2dArray.uasset" 560
"../../../Engine/Content/EngineMaterials/Substrate/GLints/AGlintTex2dArray.uexp" 561
"../../../Engine/Content/BasicShapes/Cube.uasset" 562
"../../../Engine/Content/BasicShapes/Cube.uexp" 563
"E:/Unreal/ToonTanks/ToonTanks/Content/Assets/Textures/T_ColourGrid.ubulk" 564
"E:/Unreal/ToonTanks/ToonTanks/Content/Assets/Textures/T_ColourGrid.uasset" 565
"E:/Unreal/ToonTanks/ToonTanks/Content/Assets/Textures/T_ColourGrid.uexp" 566
"E:/Unreal/ToonTanks/ToonTanks/Content/Assets/Materials/M_TextureBase.uasset" 567
"E:/Unreal/ToonTanks/ToonTanks/Content/Assets/Materials/M_TextureBase.uexp" 568
"E:/Unreal/ToonTanks/ToonTanks/Content/Assets/Materials/M_Texture_Inst.uasset" 569
"E:/Unreal/ToonTanks/ToonTanks/Content/Assets/Materials/M_Texture_Inst.uexp" 570
"E:/Unreal/ToonTanks/ToonTanks/Content/Assets/Materials/M_EmissiveBase.uasset" 571
"E:/Unreal/ToonTanks/ToonTanks/Content/Assets/Materials/M_EmissiveBase.uexp" 572
"E:/Unreal/ToonTanks/ToonTanks/Content/Assets/Materials/M_EmissiveRed_Inst.uasset" 573
"E:/Unreal/ToonTanks/ToonTanks/Content/Assets/Materials/M_EmissiveRed_Inst.uexp" 574
"E:/Unreal/ToonTanks/ToonTanks/Content/Assets/Meshes/SM_Projectile.uasset" 575
"E:/Unreal/ToonTanks/ToonTanks/Content/Assets/Meshes/SM_Projectile.uexp" 576
"E:/Unreal/ToonTanks/ToonTanks/Content/Blueprints/BP_Projectile.uasset" 577
"E:/Unreal/ToonTanks/ToonTanks/Content/Blueprints/BP_Projectile.uexp" 578
"E:/Unreal/ToonTanks/ToonTanks/Content/Assets/Materials/M_EmissiveGreen_Inst.uasset" 579
"E:/Unreal/ToonTanks/ToonTanks/Content/Assets/Materials/M_EmissiveGreen_Inst.uexp" 580
"E:/Unreal/ToonTanks/ToonTanks/Content/Assets/Meshes/SM_TankBase.uasset" 581
"E:/Unreal/ToonTanks/ToonTanks/Content/Assets/Meshes/SM_TankBase.uexp" 582
"E:/Unreal/ToonTanks/ToonTanks/Content/Assets/Meshes/SM_TankTurret.uasset" 583
"E:/Unreal/ToonTanks/ToonTanks/Content/Assets/Meshes/SM_TankTurret.uexp" 584
"E:/Unreal/ToonTanks/ToonTanks/Content/Blueprints/BP_Tank.uasset" 585
"E:/Unreal/ToonTanks/ToonTanks/Content/Blueprints/BP_Tank.uexp" 586
"E:/Unreal/ToonTanks/ToonTanks/Content/Blueprints/Tank_GameMode.uasset" 587
"E:/Unreal/ToonTanks/ToonTanks/Content/Blueprints/Tank_GameMode.uexp" 588
"E:/Unreal/ToonTanks/ToonTanks/Content/Maps/Main_BuiltData.ubulk" 589
"E:/Unreal/ToonTanks/ToonTanks/Content/Maps/Main_BuiltData.uasset" 590
"E:/Unreal/ToonTanks/ToonTanks/Content/Maps/Main_BuiltData.uexp" 591
"../../../Engine/Content/EngineSky/C_Sky_Horizon_Color.uasset" 592
"../../../Engine/Content/EngineSky/C_Sky_Horizon_Color.uexp" 593
"../../../Engine/Content/EngineSky/T_Sky_Stars.ubulk" 594
"../../../Engine/Content/EngineSky/T_Sky_Stars.uasset" 595
"../../../Engine/Content/EngineSky/T_Sky_Stars.uexp" 596
"../../../Engine/Content/EngineSky/T_Sky_Clouds_M.ubulk" 597
"../../../Engine/Content/EngineSky/T_Sky_Clouds_M.uasset" 598
"../../../Engine/Content/EngineSky/T_Sky_Clouds_M.uexp" 599
"../../../Engine/Content/EngineSky/T_Sky_Blue.ubulk" 600
"../../../Engine/Content/EngineSky/T_Sky_Blue.uasset" 601
"../../../Engine/Content/EngineSky/T_Sky_Blue.uexp" 602
"../../../Engine/Content/EngineSky/M_Sky_Panning_Clouds2.uasset" 603
"../../../Engine/Content/EngineSky/M_Sky_Panning_Clouds2.uexp" 604
"../../../Engine/Content/EngineSky/SM_SkySphere.uasset" 605
"../../../Engine/Content/EngineSky/SM_SkySphere.uexp" 606
"../../../Engine/Content/EngineSky/C_Sky_Cloud_Color.uasset" 607
"../../../Engine/Content/EngineSky/C_Sky_Cloud_Color.uexp" 608
"../../../Engine/Content/EngineSky/C_Sky_Zenith_Color.uasset" 609
"../../../Engine/Content/EngineSky/C_Sky_Zenith_Color.uexp" 610
"../../../Engine/Content/EditorBlueprintResources/StandardMacros.uasset" 611
"../../../Engine/Content/EditorBlueprintResources/StandardMacros.uexp" 612
"../../../Engine/Content/EngineSky/BP_Sky_Sphere.uasset" 613
"../../../Engine/Content/EngineSky/BP_Sky_Sphere.uexp" 614
"E:/Unreal/ToonTanks/ToonTanks/Content/Assets/Meshes/SM_TowerTurret.uasset" 615
"E:/Unreal/ToonTanks/ToonTanks/Content/Assets/Meshes/SM_TowerTurret.uexp" 616
"E:/Unreal/ToonTanks/ToonTanks/Content/Assets/Meshes/SM_TowerBase.uasset" 617
"E:/Unreal/ToonTanks/ToonTanks/Content/Assets/Meshes/SM_TowerBase.uexp" 618
"E:/Unreal/ToonTanks/ToonTanks/Content/Blueprints/BP_Turret.uasset" 619
"E:/Unreal/ToonTanks/ToonTanks/Content/Blueprints/BP_Turret.uexp" 620
"../../../Engine/Content/MapTemplates/SM_Template_Map_Floor.uasset" 621
"../../../Engine/Content/MapTemplates/SM_Template_Map_Floor.uexp" 622
"E:/Unreal/ToonTanks/ToonTanks/Content/Assets/Textures/T_BasicGrid_M.ubulk" 623
"E:/Unreal/ToonTanks/ToonTanks/Content/Assets/Textures/T_BasicGrid_M.uasset" 624
"E:/Unreal/ToonTanks/ToonTanks/Content/Assets/Textures/T_BasicGrid_M.uexp" 625
"E:/Unreal/ToonTanks/ToonTanks/Content/Assets/Materials/Functions/Basic/MakeSet.uasset" 626
"E:/Unreal/ToonTanks/ToonTanks/Content/Assets/Materials/Functions/Basic/MakeSet.uexp" 627
"E:/Unreal/ToonTanks/ToonTanks/Content/Assets/Materials/Functions/Basic/BreakSet.uasset" 628
"E:/Unreal/ToonTanks/ToonTanks/Content/Assets/Materials/Functions/Basic/BreakSet.uexp" 629
"E:/Unreal/ToonTanks/ToonTanks/Content/Assets/Materials/Functions/Texture/Tex_SimpleGrid.uasset" 630
"E:/Unreal/ToonTanks/ToonTanks/Content/Assets/Materials/Functions/Texture/Tex_SimpleGrid.uexp" 631
"../../../Engine/Content/Functions/Engine_MaterialFunctions02/Utility/Sign.uasset" 632
"../../../Engine/Content/Functions/Engine_MaterialFunctions02/Utility/Sign.uexp" 633
"E:/Unreal/ToonTanks/ToonTanks/Content/Assets/Textures/T_BasicGrid_N.ubulk" 634
"E:/Unreal/ToonTanks/ToonTanks/Content/Assets/Textures/T_BasicGrid_N.uasset" 635
"E:/Unreal/ToonTanks/ToonTanks/Content/Assets/Textures/T_BasicGrid_N.uexp" 636
"../../../Engine/Content/Functions/Engine_MaterialFunctions02/Utility/Round.uasset" 637
"../../../Engine/Content/Functions/Engine_MaterialFunctions02/Utility/Round.uexp" 638
"E:/Unreal/ToonTanks/ToonTanks/Content/Assets/Materials/Functions/Texture/Dye_SingleColor.uasset" 639
"E:/Unreal/ToonTanks/ToonTanks/Content/Assets/Materials/Functions/Texture/Dye_SingleColor.uexp" 640
"E:/Unreal/ToonTanks/ToonTanks/Content/Assets/Materials/Functions/UV/UV_SetupGrid.uasset" 641
"E:/Unreal/ToonTanks/ToonTanks/Content/Assets/Materials/Functions/UV/UV_SetupGrid.uexp" 642
"E:/Unreal/ToonTanks/ToonTanks/Content/Assets/Materials/Functions/UV/UV_ObjectScalable.uasset" 643
"E:/Unreal/ToonTanks/ToonTanks/Content/Assets/Materials/Functions/UV/UV_ObjectScalable.uexp" 644
"E:/Unreal/ToonTanks/ToonTanks/Content/Assets/Materials/Base/M_GridBase.uasset" 645
"E:/Unreal/ToonTanks/ToonTanks/Content/Assets/Materials/Base/M_GridBase.uexp" 646
"E:/Unreal/ToonTanks/ToonTanks/Content/Assets/Materials/Base/M_Grid_Inst.uasset" 647
"E:/Unreal/ToonTanks/ToonTanks/Content/Assets/Materials/Base/M_Grid_Inst.uexp" 648
"E:/Unreal/ToonTanks/ToonTanks/Content/Maps/Main.uexp" 649
"E:/Unreal/ToonTanks/ToonTanks/Content/Maps/Main.umap" 650
"../../../Engine/Content/Maps/Entry_BuiltData.uasset" 651
"../../../Engine/Content/Maps/Entry_BuiltData.uexp" 652
"../../../Engine/Content/Maps/Entry.uexp" 653
"../../../Engine/Content/Maps/Entry.umap" 654
